[2020-01-19T09:37:36.126] [DEBUG] cheese - login => username:zs,password:123456
[2020-01-19T09:37:36.129] [DEBUG] cheese - zs
[2020-01-19T09:37:36.144] [DEBUG] cheese - null
[2020-01-19T09:37:36.144] [DEBUG] cheese - null
[2020-01-19T09:37:45.423] [DEBUG] cheese - login => username:admin,password:123456
[2020-01-19T09:37:45.423] [DEBUG] cheese - admin
[2020-01-19T09:37:45.432] [DEBUG] cheese - null
[2020-01-19T09:37:45.432] [DEBUG] cheese - null
[2020-01-19T14:58:49.600] [DEBUG] cheese - login => username:admin,password:123456
[2020-01-19T14:58:49.602] [DEBUG] cheese - admin
[2020-01-19T14:58:49.617] [DEBUG] cheese - null
[2020-01-19T14:58:49.618] [DEBUG] cheese - null
[2020-01-19T14:59:44.235] [DEBUG] cheese - login => username:admin,password:123456
[2020-01-19T14:59:44.235] [DEBUG] cheese - admin
[2020-01-19T14:59:44.238] [DEBUG] cheese - null
[2020-01-19T14:59:44.239] [DEBUG] cheese - null
[2020-01-19T15:17:42.569] [DEBUG] cheese - login => username:admin,password:123456
[2020-01-19T15:17:42.570] [DEBUG] cheese - admin
[2020-01-19T15:17:42.574] [DEBUG] cheese - null
[2020-01-19T15:17:42.574] [DEBUG] cheese - null
[2020-01-19T15:18:22.727] [DEBUG] cheese - login => username:admin,password:123456
[2020-01-19T15:18:22.727] [DEBUG] cheese - admin
[2020-01-19T15:18:22.729] [DEBUG] cheese - null
[2020-01-19T15:18:22.729] [DEBUG] cheese - null
[2020-01-19T15:18:26.210] [DEBUG] cheese - login => username:admin,password:123456
[2020-01-19T15:18:26.210] [DEBUG] cheese - admin
[2020-01-19T15:18:26.213] [DEBUG] cheese - null
[2020-01-19T15:18:26.213] [DEBUG] cheese - null
[2020-01-19T15:18:28.096] [DEBUG] cheese - login => username:admina,password:123456
[2020-01-19T15:18:28.096] [DEBUG] cheese - admina
[2020-01-19T15:18:28.098] [DEBUG] cheese - null
[2020-01-19T15:18:28.098] [DEBUG] cheese - null
[2020-01-19T15:25:07.169] [DEBUG] cheese - login => username:admin,password:123456
[2020-01-19T15:25:07.170] [DEBUG] cheese - admin
[2020-01-19T15:25:07.172] [DEBUG] cheese - null
[2020-01-19T15:25:07.173] [DEBUG] cheese - null
[2020-01-19T15:26:31.579] [DEBUG] cheese - login => username:admin,password:123456d
[2020-01-19T15:26:31.579] [DEBUG] cheese - admin
[2020-01-19T15:26:31.581] [DEBUG] cheese - null
[2020-01-19T15:26:31.581] [DEBUG] cheese - null
[2020-01-19T15:26:34.835] [DEBUG] cheese - login => username:admin,password:123456d
[2020-01-19T15:26:34.835] [DEBUG] cheese - admin
[2020-01-19T15:26:34.836] [DEBUG] cheese - null
[2020-01-19T15:26:34.837] [DEBUG] cheese - null
[2020-01-19T15:26:35.293] [DEBUG] cheese - login => username:admin,password:123456d
[2020-01-19T15:26:35.293] [DEBUG] cheese - admin
[2020-01-19T15:26:35.296] [DEBUG] cheese - null
[2020-01-19T15:26:35.296] [DEBUG] cheese - null
[2020-01-19T15:26:40.302] [DEBUG] cheese - login => username:admin,password:123456
[2020-01-19T15:26:40.302] [DEBUG] cheese - admin
[2020-01-19T15:26:40.304] [DEBUG] cheese - null
[2020-01-19T15:26:40.304] [DEBUG] cheese - null
[2020-01-19T15:28:41.289] [DEBUG] cheese - login => username:admin,password:123456
[2020-01-19T15:28:41.289] [DEBUG] cheese - admin
[2020-01-19T15:28:41.291] [DEBUG] cheese - null
[2020-01-19T15:28:41.291] [DEBUG] cheese - null
[2020-01-19T15:29:36.110] [DEBUG] cheese - login => username:admin,password:123456
[2020-01-19T15:29:36.110] [DEBUG] cheese - admin
[2020-01-19T15:29:36.113] [DEBUG] cheese - null
[2020-01-19T15:29:36.113] [DEBUG] cheese - null
[2020-01-19T15:30:03.885] [DEBUG] cheese - login => username:admin,password:123456
[2020-01-19T15:30:03.885] [DEBUG] cheese - admin
[2020-01-19T15:30:03.888] [DEBUG] cheese - null
[2020-01-19T15:30:03.888] [DEBUG] cheese - null
[2020-01-19T15:42:40.236] [DEBUG] cheese - login => username:admin,password:123456
[2020-01-19T15:42:40.236] [DEBUG] cheese - admin
[2020-01-19T15:42:40.239] [DEBUG] cheese - null
[2020-01-19T15:42:40.239] [DEBUG] cheese - null
[2020-01-19T16:03:47.994] [DEBUG] cheese - login => username:admin,password:123456
[2020-01-19T16:03:47.994] [DEBUG] cheese - admin
[2020-01-19T16:03:47.997] [DEBUG] cheese - null
[2020-01-19T16:03:47.997] [DEBUG] cheese - null
[2020-01-19T16:10:45.012] [DEBUG] cheese - login => username:admin,password:123456
[2020-01-19T16:10:45.012] [DEBUG] cheese - admin
[2020-01-19T16:10:45.016] [DEBUG] cheese - null
[2020-01-19T16:10:45.016] [DEBUG] cheese - null
[2020-01-19T16:11:53.433] [DEBUG] cheese - login => username:admin,password:123456
[2020-01-19T16:11:53.433] [DEBUG] cheese - admin
[2020-01-19T16:11:53.436] [DEBUG] cheese - null
[2020-01-19T16:11:53.436] [DEBUG] cheese - null
[2020-01-19T16:18:49.514] [DEBUG] cheese - login => username:admin,password:123456
[2020-01-19T16:18:49.514] [DEBUG] cheese - admin
[2020-01-19T16:18:49.516] [DEBUG] cheese - null
[2020-01-19T16:18:49.517] [DEBUG] cheese - null
[2020-01-19T16:28:16.679] [DEBUG] cheese - login => username:admin,password:123456
[2020-01-19T16:28:16.679] [DEBUG] cheese - admin
[2020-01-19T16:28:16.681] [DEBUG] cheese - null
[2020-01-19T16:28:16.681] [DEBUG] cheese - null
[2020-01-19T16:56:02.532] [DEBUG] cheese - login => username:admin,password:123456
[2020-01-19T16:56:02.533] [DEBUG] cheese - admin
[2020-01-19T16:56:02.536] [DEBUG] cheese - null
[2020-01-19T16:56:02.536] [DEBUG] cheese - null
[2020-01-19T17:21:38.815] [DEBUG] cheese - login => username:admin,password:123456
[2020-01-19T17:21:38.815] [DEBUG] cheese - admin
[2020-01-19T17:21:38.817] [DEBUG] cheese - null
[2020-01-19T17:21:38.817] [DEBUG] cheese - null
[2020-01-19T17:23:50.368] [DEBUG] cheese - login => username:admin,password:123456
[2020-01-19T17:23:50.369] [DEBUG] cheese - admin
[2020-01-19T17:23:50.371] [DEBUG] cheese - null
[2020-01-19T17:23:50.371] [DEBUG] cheese - null
[2020-01-19T17:24:24.053] [DEBUG] cheese - login => username:admin,password:123456
[2020-01-19T17:24:24.053] [DEBUG] cheese - admin
[2020-01-19T17:24:24.055] [DEBUG] cheese - null
[2020-01-19T17:24:24.055] [DEBUG] cheese - null
[2020-01-19T17:28:18.312] [DEBUG] cheese - login => username:admin,password:123456
[2020-01-19T17:28:18.312] [DEBUG] cheese - admin
[2020-01-19T17:28:18.315] [DEBUG] cheese - null
[2020-01-19T17:28:18.315] [DEBUG] cheese - null
[2020-01-19T17:44:37.466] [DEBUG] cheese - login => username:admin,password:123456
[2020-01-19T17:44:37.466] [DEBUG] cheese - admin
[2020-01-19T17:44:37.469] [DEBUG] cheese - null
[2020-01-19T17:44:37.469] [DEBUG] cheese - null
[2020-01-19T17:46:20.424] [DEBUG] cheese - login => username:admin,password:123456
[2020-01-19T17:46:20.424] [DEBUG] cheese - admin
[2020-01-19T17:46:20.428] [DEBUG] cheese - null
[2020-01-19T17:46:20.428] [DEBUG] cheese - null
[2020-01-19T21:53:47.644] [DEBUG] cheese - login => username:admin,password:123456
[2020-01-19T21:53:47.644] [DEBUG] cheese - admin
[2020-01-19T21:53:47.647] [DEBUG] cheese - null
[2020-01-19T21:53:47.647] [DEBUG] cheese - null
[2020-01-19T22:21:52.998] [DEBUG] cheese - login => username:admin,password:123456
[2020-01-19T22:21:52.998] [DEBUG] cheese - admin
[2020-01-19T22:21:53.001] [DEBUG] cheese - null
[2020-01-19T22:21:53.001] [DEBUG] cheese - null
[2020-01-19T23:08:34.335] [DEBUG] cheese - login => username:admin,password:123456
[2020-01-19T23:08:34.335] [DEBUG] cheese - admin
[2020-01-19T23:08:34.337] [DEBUG] cheese - null
[2020-01-19T23:08:34.337] [DEBUG] cheese - null
[2020-01-20T16:15:37.043] [DEBUG] cheese - login => username:admin,password:123456
[2020-01-20T16:15:37.045] [DEBUG] cheese - admin
[2020-01-20T16:15:37.055] [DEBUG] cheese - null
[2020-01-20T16:15:37.056] [DEBUG] cheese - null
[2020-01-20T16:40:51.810] [DEBUG] cheese - login => username:admin,password:123456
[2020-01-20T16:40:51.810] [DEBUG] cheese - admin
[2020-01-20T16:40:51.814] [DEBUG] cheese - null
[2020-01-20T16:40:51.814] [DEBUG] cheese - null
[2020-01-20T23:36:37.377] [DEBUG] cheese - login => username:admin,password:123456
[2020-01-20T23:36:37.378] [DEBUG] cheese - admin
[2020-01-20T23:36:37.380] [DEBUG] cheese - null
[2020-01-20T23:36:37.380] [DEBUG] cheese - null
[2020-01-21T15:57:20.945] [DEBUG] cheese - null
[2020-01-21T23:03:47.319] [DEBUG] cheese - login => username:admin,password:123456
[2020-01-21T23:03:47.320] [DEBUG] cheese - admin
[2020-01-21T23:03:47.323] [DEBUG] cheese - null
[2020-01-21T23:03:47.323] [DEBUG] cheese - null
[2020-01-23T20:44:20.582] [DEBUG] cheese - login => username:admin,password:123456
[2020-01-23T20:44:20.585] [DEBUG] cheese - admin
[2020-01-23T20:44:20.604] [DEBUG] cheese - null
[2020-01-23T20:44:20.605] [DEBUG] cheese - null
[2020-01-25T12:07:27.757] [DEBUG] cheese - login => username:admin,password:123456
[2020-01-25T12:07:27.758] [DEBUG] cheese - admin
[2020-01-25T12:07:27.868] [DEBUG] cheese - null
[2020-01-25T12:07:27.868] [DEBUG] cheese - null
[2020-01-25T17:55:09.328] [DEBUG] cheese - login => username:admin,password:123456
[2020-01-25T17:55:09.328] [DEBUG] cheese - admin
[2020-01-25T17:55:09.330] [DEBUG] cheese - null
[2020-01-25T17:55:09.330] [DEBUG] cheese - null
[2020-01-25T17:56:06.587] [DEBUG] cheese - login => username:admi,password:123456
[2020-01-25T17:56:06.588] [DEBUG] cheese - admi
[2020-01-25T17:56:06.589] [DEBUG] cheese - null
[2020-01-25T17:56:06.589] [DEBUG] cheese - null
[2020-01-25T17:56:10.552] [DEBUG] cheese - login => username:admin,password:123456
[2020-01-25T17:56:10.552] [DEBUG] cheese - admin
[2020-01-25T17:56:10.555] [DEBUG] cheese - null
[2020-01-25T17:56:10.555] [DEBUG] cheese - null
[2020-01-25T17:56:25.692] [DEBUG] cheese - login => username:linken,password:123456
[2020-01-25T17:56:25.692] [DEBUG] cheese - linken
[2020-01-25T17:56:25.695] [DEBUG] cheese - null
[2020-01-25T17:56:25.695] [DEBUG] cheese - null
[2020-01-25T17:56:33.086] [DEBUG] cheese - login => username:admin,password:123456
[2020-01-25T17:56:33.086] [DEBUG] cheese - admin
[2020-01-25T17:56:33.089] [DEBUG] cheese - null
[2020-01-25T17:56:33.089] [DEBUG] cheese - null
[2020-01-25T18:01:11.807] [DEBUG] cheese - login => username:auth,password:123456
[2020-01-25T18:01:11.807] [DEBUG] cheese - auth
[2020-01-25T18:01:11.809] [DEBUG] cheese - null
[2020-01-25T18:01:11.809] [DEBUG] cheese - null
[2020-01-25T18:01:21.331] [DEBUG] cheese - login => username:auth,password:123456
[2020-01-25T18:01:21.331] [DEBUG] cheese - auth
[2020-01-25T18:01:21.333] [DEBUG] cheese - null
[2020-01-25T18:01:21.333] [DEBUG] cheese - null
[2020-01-25T18:01:22.594] [DEBUG] cheese - login => username:admin,password:123456
[2020-01-25T18:01:22.594] [DEBUG] cheese - admin
[2020-01-25T18:01:22.596] [DEBUG] cheese - null
[2020-01-25T18:01:22.596] [DEBUG] cheese - null
[2020-01-25T18:01:46.719] [DEBUG] cheese - login => username:auth,password:123456
[2020-01-25T18:01:46.719] [DEBUG] cheese - auth
[2020-01-25T18:01:46.720] [DEBUG] cheese - null
[2020-01-25T18:01:46.720] [DEBUG] cheese - null
[2020-01-25T18:01:49.042] [DEBUG] cheese - null
[2020-01-25T18:01:49.045] [DEBUG] cheese - null
[2020-01-25T18:01:52.237] [DEBUG] cheese - null
[2020-01-25T18:01:52.238] [DEBUG] cheese - null
[2020-01-25T18:01:53.421] [DEBUG] cheese - null
[2020-01-25T18:01:53.424] [DEBUG] cheese - null
[2020-01-25T18:01:59.201] [DEBUG] cheese - login => username:admin,password:123456
[2020-01-25T18:01:59.201] [DEBUG] cheese - admin
[2020-01-25T18:01:59.202] [DEBUG] cheese - null
[2020-01-25T18:01:59.202] [DEBUG] cheese - null
[2020-01-26T13:07:24.764] [DEBUG] cheese - login => username:admin,password:123456
[2020-01-26T13:07:24.764] [DEBUG] cheese - admin
[2020-01-26T13:07:24.767] [DEBUG] cheese - null
[2020-01-26T13:07:24.767] [DEBUG] cheese - null
[2020-01-26T16:04:29.486] [DEBUG] cheese - login => username:admin,password:123456
[2020-01-26T16:04:29.486] [DEBUG] cheese - admin
[2020-01-26T16:04:29.592] [DEBUG] cheese - null
[2020-01-26T16:04:29.592] [DEBUG] cheese - null
[2020-01-26T17:42:27.771] [DEBUG] cheese - login => username:orders,password:123456
[2020-01-26T17:42:27.772] [DEBUG] cheese - orders
[2020-01-26T17:42:27.776] [DEBUG] cheese - null
[2020-01-26T17:42:27.776] [DEBUG] cheese - null
[2020-01-26T17:42:37.026] [DEBUG] cheese - login => username:admin,password:123456
[2020-01-26T17:42:37.026] [DEBUG] cheese - admin
[2020-01-26T17:42:37.031] [DEBUG] cheese - null
[2020-01-26T17:42:37.031] [DEBUG] cheese - null
[2020-01-26T17:42:51.967] [DEBUG] cheese - login => username:good,password:123456
[2020-01-26T17:42:51.967] [DEBUG] cheese - good
[2020-01-26T17:42:51.968] [DEBUG] cheese - null
[2020-01-26T17:42:51.969] [DEBUG] cheese - null
[2020-01-26T17:42:57.198] [DEBUG] cheese - login => username:good,password:123456
[2020-01-26T17:42:57.198] [DEBUG] cheese - good
[2020-01-26T17:42:57.202] [DEBUG] cheese - null
[2020-01-26T17:42:57.202] [DEBUG] cheese - null
[2020-01-26T17:43:03.117] [DEBUG] cheese - login => username:admin,password:123456
[2020-01-26T17:43:03.117] [DEBUG] cheese - admin
[2020-01-26T17:43:03.121] [DEBUG] cheese - null
[2020-01-26T17:43:03.121] [DEBUG] cheese - null
[2020-01-26T17:59:57.263] [DEBUG] cheese - login => username:linken,password:123456
[2020-01-26T17:59:57.263] [DEBUG] cheese - linken
[2020-01-26T17:59:57.266] [DEBUG] cheese - null
[2020-01-26T17:59:57.266] [DEBUG] cheese - null
[2020-01-26T17:59:59.567] [DEBUG] cheese - null
[2020-01-26T17:59:59.571] [DEBUG] cheese - null
[2020-01-26T18:00:00.669] [DEBUG] cheese - null
[2020-01-26T18:00:00.673] [DEBUG] cheese - null
[2020-01-26T18:00:01.722] [DEBUG] cheese - null
[2020-01-26T18:00:01.725] [DEBUG] cheese - null
[2020-01-26T18:00:12.566] [DEBUG] cheese - null
[2020-01-26T18:00:12.571] [DEBUG] cheese - null
[2020-01-26T18:00:13.701] [DEBUG] cheese - null
[2020-01-26T18:00:13.705] [DEBUG] cheese - null
[2020-01-26T18:00:20.653] [DEBUG] cheese - login => username:admin,password:123456
[2020-01-26T18:00:20.653] [DEBUG] cheese - admin
[2020-01-26T18:00:20.657] [DEBUG] cheese - null
[2020-01-26T18:00:20.657] [DEBUG] cheese - null
[2020-01-26T18:01:02.169] [DEBUG] cheese - login => username:admin,password:123456
[2020-01-26T18:01:02.169] [DEBUG] cheese - admin
[2020-01-26T18:01:02.174] [DEBUG] cheese - null
[2020-01-26T18:01:02.174] [DEBUG] cheese - null
[2020-01-26T18:01:11.646] [DEBUG] cheese - login => username:orders,password:123456
[2020-01-26T18:01:11.646] [DEBUG] cheese - orders
[2020-01-26T18:01:11.650] [DEBUG] cheese - null
[2020-01-26T18:01:11.650] [DEBUG] cheese - null
[2020-01-26T18:01:12.416] [DEBUG] cheese - login => username:orders,password:123456
[2020-01-26T18:01:12.416] [DEBUG] cheese - orders
[2020-01-26T18:01:12.421] [DEBUG] cheese - null
[2020-01-26T18:01:12.421] [DEBUG] cheese - null
[2020-01-26T18:01:12.616] [DEBUG] cheese - login => username:orders,password:123456
[2020-01-26T18:01:12.617] [DEBUG] cheese - orders
[2020-01-26T18:01:12.620] [DEBUG] cheese - null
[2020-01-26T18:01:12.621] [DEBUG] cheese - null
[2020-01-26T18:01:15.327] [DEBUG] cheese - login => username:admin,password:123456
[2020-01-26T18:01:15.327] [DEBUG] cheese - admin
[2020-01-26T18:01:15.331] [DEBUG] cheese - null
[2020-01-26T18:01:15.331] [DEBUG] cheese - null
[2020-01-26T22:01:29.107] [DEBUG] cheese - login => username:admin,password:123456
[2020-01-26T22:01:29.107] [DEBUG] cheese - admin
[2020-01-26T22:01:29.113] [DEBUG] cheese - null
[2020-01-26T22:01:29.113] [DEBUG] cheese - null
[2020-01-28T09:54:49.669] [DEBUG] cheese - login => username:admin,password:123456
[2020-01-28T09:54:49.671] [DEBUG] cheese - admin
[2020-01-28T09:54:49.689] [DEBUG] cheese - null
[2020-01-28T09:54:49.690] [DEBUG] cheese - null
[2020-01-28T09:59:40.428] [DEBUG] cheese - login => username:admin,password:123456
[2020-01-28T09:59:40.428] [DEBUG] cheese - admin
[2020-01-28T09:59:40.431] [DEBUG] cheese - null
[2020-01-28T09:59:40.431] [DEBUG] cheese - null
[2020-01-28T12:56:54.555] [DEBUG] cheese - login => username:admin,password:123456
[2020-01-28T12:56:54.555] [DEBUG] cheese - admin
[2020-01-28T12:56:54.558] [DEBUG] cheese - null
[2020-01-28T12:56:54.558] [DEBUG] cheese - null
[2020-01-29T14:09:05.931] [DEBUG] cheese - login => username:admin,password:123456
[2020-01-29T14:09:05.931] [DEBUG] cheese - admin
[2020-01-29T14:09:05.987] [DEBUG] cheese - null
[2020-01-29T14:09:05.987] [DEBUG] cheese - null
[2020-01-30T13:06:03.979] [DEBUG] cheese - login => username:admin,password:123456
[2020-01-30T13:06:03.981] [DEBUG] cheese - admin
[2020-01-30T13:06:03.998] [DEBUG] cheese - null
[2020-01-30T13:06:03.999] [DEBUG] cheese - null
[2020-01-31T15:04:41.057] [DEBUG] cheese - login => username:admin,password:123456
[2020-01-31T15:04:41.059] [DEBUG] cheese - admin
[2020-01-31T15:04:41.091] [DEBUG] cheese - null
[2020-01-31T15:04:41.091] [DEBUG] cheese - null
[2020-01-31T15:16:39.226] [DEBUG] cheese - login => username:admin,password:123456
[2020-01-31T15:16:39.226] [DEBUG] cheese - admin
[2020-01-31T15:16:39.230] [DEBUG] cheese - null
[2020-01-31T15:16:39.230] [DEBUG] cheese - null
[2020-01-31T15:16:57.411] [DEBUG] cheese - login => username:admin,password:123456
[2020-01-31T15:16:57.412] [DEBUG] cheese - admin
[2020-01-31T15:16:57.416] [DEBUG] cheese - null
[2020-01-31T15:16:57.416] [DEBUG] cheese - null
[2020-01-31T16:45:49.514] [DEBUG] cheese - null
[2020-02-01T15:19:52.934] [DEBUG] cheese - login => username:admin,password:123456
[2020-02-01T15:19:52.934] [DEBUG] cheese - admin
[2020-02-01T15:19:52.943] [DEBUG] cheese - null
[2020-02-01T15:19:52.943] [DEBUG] cheese - null
[2020-02-02T10:55:43.884] [DEBUG] cheese - login => username:admin,password:123456
[2020-02-02T10:55:43.884] [DEBUG] cheese - admin
[2020-02-02T10:55:43.887] [DEBUG] cheese - null
[2020-02-02T10:55:43.887] [DEBUG] cheese - null
[2020-02-02T12:23:43.455] [DEBUG] cheese - login => username:admin,password:123456
[2020-02-02T12:23:43.458] [DEBUG] cheese - admin
[2020-02-02T12:23:43.478] [DEBUG] cheese - null
[2020-02-02T12:23:43.478] [DEBUG] cheese - null
[2020-02-02T12:25:57.106] [DEBUG] cheese - login => username:admin,password:123456
[2020-02-02T12:25:57.106] [DEBUG] cheese - admin
[2020-02-02T12:25:57.112] [DEBUG] cheese - null
[2020-02-02T12:25:57.112] [DEBUG] cheese - null
[2020-02-02T12:27:41.624] [DEBUG] cheese - login => username:admin,password:123456
[2020-02-02T12:27:41.624] [DEBUG] cheese - admin
[2020-02-02T12:27:41.630] [DEBUG] cheese - null
[2020-02-02T12:27:41.630] [DEBUG] cheese - null
[2020-02-02T12:28:10.566] [DEBUG] cheese - login => username:admin5,password:123456
[2020-02-02T12:28:10.566] [DEBUG] cheese - admin5
[2020-02-02T12:28:10.570] [DEBUG] cheese - null
[2020-02-02T12:28:10.571] [DEBUG] cheese - null
[2020-02-02T12:28:31.941] [DEBUG] cheese - login => username:admin,password:123456
[2020-02-02T12:28:31.941] [DEBUG] cheese - admin
[2020-02-02T12:28:31.946] [DEBUG] cheese - null
[2020-02-02T12:28:31.946] [DEBUG] cheese - null
[2020-02-02T12:40:46.618] [DEBUG] cheese - login => username:admin,password:123456
[2020-02-02T12:40:46.619] [DEBUG] cheese - admin
[2020-02-02T12:40:46.622] [DEBUG] cheese - null
[2020-02-02T12:40:46.622] [DEBUG] cheese - null
[2020-02-02T12:47:25.040] [DEBUG] cheese - login => username:admin,password:123456
[2020-02-02T12:47:25.040] [DEBUG] cheese - admin
[2020-02-02T12:47:25.043] [DEBUG] cheese - null
[2020-02-02T12:47:25.043] [DEBUG] cheese - null
[2020-02-02T12:59:06.747] [DEBUG] cheese - login => username:admin,password:123456
[2020-02-02T12:59:06.750] [DEBUG] cheese - admin
[2020-02-02T12:59:06.762] [DEBUG] cheese - null
[2020-02-02T12:59:06.762] [DEBUG] cheese - null
[2020-02-02T13:42:31.266] [DEBUG] cheese - login => username:admin,password:123456
[2020-02-02T13:42:31.266] [DEBUG] cheese - admin
[2020-02-02T13:42:31.272] [DEBUG] cheese - null
[2020-02-02T13:42:31.273] [DEBUG] cheese - null
[2020-02-02T13:42:52.236] [DEBUG] cheese - login => username:admin,password:123456
[2020-02-02T13:42:52.237] [DEBUG] cheese - admin
[2020-02-02T13:42:52.241] [DEBUG] cheese - null
[2020-02-02T13:42:52.241] [DEBUG] cheese - null
[2020-02-02T13:43:22.373] [DEBUG] cheese - login => username:admin,password:123456
[2020-02-02T13:43:22.373] [DEBUG] cheese - admin
[2020-02-02T13:43:22.381] [DEBUG] cheese - null
[2020-02-02T13:43:22.382] [DEBUG] cheese - null
[2020-02-02T13:57:57.669] [DEBUG] cheese - login => username:admin,password:123456
[2020-02-02T13:57:57.669] [DEBUG] cheese - admin
[2020-02-02T13:57:57.675] [DEBUG] cheese - null
[2020-02-02T13:57:57.675] [DEBUG] cheese - null
[2020-02-02T14:01:00.834] [DEBUG] cheese - login => username:admin,password:123456
[2020-02-02T14:01:00.836] [DEBUG] cheese - admin
[2020-02-02T14:01:00.875] [DEBUG] cheese - null
[2020-02-02T14:01:00.876] [DEBUG] cheese - null
[2020-02-02T14:28:33.260] [DEBUG] cheese - login => username:admin,password:123456
[2020-02-02T14:28:33.260] [DEBUG] cheese - admin
[2020-02-02T14:28:33.263] [DEBUG] cheese - null
[2020-02-02T14:28:33.263] [DEBUG] cheese - null
[2020-02-02T14:35:49.467] [DEBUG] cheese - login => username:admin,password:123456
[2020-02-02T14:35:49.467] [DEBUG] cheese - admin
[2020-02-02T14:35:49.470] [DEBUG] cheese - null
[2020-02-02T14:35:49.470] [DEBUG] cheese - null
[2020-02-02T15:29:21.354] [DEBUG] cheese - login => username:admin,password:123456
[2020-02-02T15:29:21.354] [DEBUG] cheese - admin
[2020-02-02T15:29:21.363] [DEBUG] cheese - null
[2020-02-02T15:29:21.363] [DEBUG] cheese - null
[2020-02-02T15:34:42.350] [DEBUG] cheese - login => username:admin,password:123456
[2020-02-02T15:34:42.350] [DEBUG] cheese - admin
[2020-02-02T15:34:42.352] [DEBUG] cheese - null
[2020-02-02T15:34:42.353] [DEBUG] cheese - null
[2020-02-02T16:01:32.433] [DEBUG] cheese - login => username:admin,password:123456
[2020-02-02T16:01:32.433] [DEBUG] cheese - admin
[2020-02-02T16:01:32.435] [DEBUG] cheese - null
[2020-02-02T16:01:32.435] [DEBUG] cheese - null
[2020-02-02T16:11:20.413] [DEBUG] cheese - login => username:admin,password:123456
[2020-02-02T16:11:20.413] [DEBUG] cheese - admin
[2020-02-02T16:11:20.414] [DEBUG] cheese - null
[2020-02-02T16:11:20.414] [DEBUG] cheese - null
[2020-02-05T13:54:07.684] [DEBUG] cheese - login => username:admin,password:123456
[2020-02-05T13:54:07.685] [DEBUG] cheese - admin
[2020-02-05T13:54:07.719] [DEBUG] cheese - null
[2020-02-05T13:54:07.719] [DEBUG] cheese - null
[2020-02-14T17:01:46.873] [DEBUG] cheese - login => username:admin,password:123456
[2020-02-14T17:01:46.876] [DEBUG] cheese - admin
[2020-02-14T17:01:46.900] [DEBUG] cheese - null
[2020-02-14T17:01:46.901] [DEBUG] cheese - null
[2020-02-14T17:50:21.591] [DEBUG] cheese - login => username:admin,password:123456
[2020-02-14T17:50:21.594] [DEBUG] cheese - admin
[2020-02-14T17:50:21.604] [DEBUG] cheese - null
[2020-02-14T17:50:21.604] [DEBUG] cheese - null
[2020-02-14T17:51:46.243] [DEBUG] cheese - login => username:report,password:123456
[2020-02-14T17:51:46.244] [DEBUG] cheese - report
[2020-02-14T17:51:46.247] [DEBUG] cheese - null
[2020-02-14T17:51:46.247] [DEBUG] cheese - null
[2020-02-14T17:51:51.927] [DEBUG] cheese - login => username:admin,password:123456
[2020-02-14T17:51:51.928] [DEBUG] cheese - admin
[2020-02-14T17:51:51.930] [DEBUG] cheese - null
[2020-02-14T17:51:51.930] [DEBUG] cheese - null
[2020-02-14T17:53:05.427] [DEBUG] cheese - login => username:author,password:123456
[2020-02-14T17:53:05.427] [DEBUG] cheese - author
[2020-02-14T17:53:05.429] [DEBUG] cheese - null
[2020-02-14T17:53:05.429] [DEBUG] cheese - null
[2020-02-14T17:53:07.947] [DEBUG] cheese - null
[2020-02-14T17:53:07.949] [DEBUG] cheese - null
[2020-02-14T17:53:13.294] [DEBUG] cheese - null
[2020-02-14T17:53:13.296] [DEBUG] cheese - null
[2020-02-14T17:53:14.599] [DEBUG] cheese - null
[2020-02-14T17:53:14.601] [DEBUG] cheese - null
[2020-02-14T17:53:23.043] [DEBUG] cheese - login => username:admin,password:123456
[2020-02-14T17:53:23.043] [DEBUG] cheese - admin
[2020-02-14T17:53:23.045] [DEBUG] cheese - null
[2020-02-14T17:53:23.045] [DEBUG] cheese - null
[2020-02-15T13:35:26.258] [DEBUG] cheese - login => username:admin,password:123456
[2020-02-15T13:35:26.259] [DEBUG] cheese - admin
[2020-02-15T13:35:26.261] [DEBUG] cheese - null
[2020-02-15T13:35:26.261] [DEBUG] cheese - null
[2020-02-16T12:38:14.875] [DEBUG] cheese - login => username:admin,password:123456
[2020-02-16T12:38:14.875] [DEBUG] cheese - admin
[2020-02-16T12:38:14.885] [DEBUG] cheese - null
[2020-02-16T12:38:14.885] [DEBUG] cheese - null
[2020-02-19T12:23:52.880] [DEBUG] cheese - login => username:admin,password:123456
[2020-02-19T12:23:52.880] [DEBUG] cheese - admin
[2020-02-19T12:23:52.886] [DEBUG] cheese - null
[2020-02-19T12:23:52.887] [DEBUG] cheese - null
[2020-02-19T12:26:17.173] [DEBUG] cheese - login => username:admin,password:123456
[2020-02-19T12:26:17.173] [DEBUG] cheese - admin
[2020-02-19T12:26:17.176] [DEBUG] cheese - null
[2020-02-19T12:26:17.176] [DEBUG] cheese - null
[2020-02-19T12:27:14.420] [DEBUG] cheese - login => username:admin,password:123456
[2020-02-19T12:27:14.420] [DEBUG] cheese - admin
[2020-02-19T12:27:14.422] [DEBUG] cheese - null
[2020-02-19T12:27:14.423] [DEBUG] cheese - null
[2020-03-12T16:57:59.645] [DEBUG] cheese - login => username:asdsad,password:asdsad
[2020-03-12T16:57:59.674] [DEBUG] cheese - asdsad
[2020-03-12T16:57:59.772] [DEBUG] cheese - login => username:asdsad,password:asdsad
[2020-03-12T16:57:59.774] [DEBUG] cheese - asdsad
[2020-03-12T16:57:59.820] [DEBUG] cheese - login => username:asdsad,password:asdsad
[2020-03-12T16:57:59.821] [DEBUG] cheese - asdsad
[2020-03-12T16:57:59.845] [DEBUG] cheese - login => username:asdsad,password:asdsad
[2020-03-12T16:57:59.845] [DEBUG] cheese - asdsad
[2020-03-12T16:57:59.882] [DEBUG] cheese - login => username:asdsad,password:asdsad
[2020-03-12T16:57:59.883] [DEBUG] cheese - asdsad
[2020-03-12T16:57:59.917] [DEBUG] cheese - login => username:asdsad,password:asdsad
[2020-03-12T16:57:59.918] [DEBUG] cheese - asdsad
[2020-03-12T16:57:59.966] [DEBUG] cheese - null
[2020-03-12T16:57:59.971] [DEBUG] cheese - null
[2020-03-12T16:58:00.029] [DEBUG] cheese - null
[2020-03-12T16:58:00.030] [DEBUG] cheese - null
[2020-03-12T16:58:00.069] [DEBUG] cheese - login => username:asdsad,password:asdsad
[2020-03-12T16:58:00.071] [DEBUG] cheese - asdsad
[2020-03-12T16:58:00.188] [DEBUG] cheese - null
[2020-03-12T16:58:00.197] [DEBUG] cheese - null
[2020-03-12T16:58:00.231] [DEBUG] cheese - null
[2020-03-12T16:58:00.233] [DEBUG] cheese - null
[2020-03-12T16:58:00.264] [DEBUG] cheese - null
[2020-03-12T16:58:00.264] [DEBUG] cheese - null
[2020-03-12T16:58:00.281] [DEBUG] cheese - login => username:asdsad,password:asdsad
[2020-03-12T16:58:00.282] [DEBUG] cheese - asdsad
[2020-03-12T16:58:00.314] [DEBUG] cheese - null
[2020-03-12T16:58:00.315] [DEBUG] cheese - null
[2020-03-12T16:58:00.365] [DEBUG] cheese - login => username:asdsad,password:asdsad
[2020-03-12T16:58:00.366] [DEBUG] cheese - asdsad
[2020-03-12T16:58:00.412] [DEBUG] cheese - login => username:asdsad,password:asdsad
[2020-03-12T16:58:00.412] [DEBUG] cheese - asdsad
[2020-03-12T16:58:00.477] [DEBUG] cheese - login => username:asdsad,password:asdsad
[2020-03-12T16:58:00.478] [DEBUG] cheese - asdsad
[2020-03-12T16:58:00.533] [DEBUG] cheese - null
[2020-03-12T16:58:00.534] [DEBUG] cheese - null
[2020-03-12T16:58:00.572] [DEBUG] cheese - login => username:asdsad,password:asdsad
[2020-03-12T16:58:00.574] [DEBUG] cheese - asdsad
[2020-03-12T16:58:00.601] [DEBUG] cheese - null
[2020-03-12T16:58:00.602] [DEBUG] cheese - null
[2020-03-12T16:58:00.619] [DEBUG] cheese - null
[2020-03-12T16:58:00.620] [DEBUG] cheese - null
[2020-03-12T16:58:00.636] [DEBUG] cheese - login => username:asdsad,password:asdsad
[2020-03-12T16:58:00.637] [DEBUG] cheese - asdsad
[2020-03-12T16:58:00.685] [DEBUG] cheese - null
[2020-03-12T16:58:00.685] [DEBUG] cheese - null
[2020-03-12T16:58:00.701] [DEBUG] cheese - login => username:asdsad,password:asdsad
[2020-03-12T16:58:00.702] [DEBUG] cheese - asdsad
[2020-03-12T16:58:00.732] [DEBUG] cheese - null
[2020-03-12T16:58:00.733] [DEBUG] cheese - null
[2020-03-12T16:58:00.746] [DEBUG] cheese - login => username:asdsad,password:asdsad
[2020-03-12T16:58:00.746] [DEBUG] cheese - asdsad
[2020-03-12T16:58:00.802] [DEBUG] cheese - null
[2020-03-12T16:58:00.802] [DEBUG] cheese - null
[2020-03-12T16:58:00.823] [DEBUG] cheese - null
[2020-03-12T16:58:00.826] [DEBUG] cheese - null
[2020-03-12T16:58:00.847] [DEBUG] cheese - null
[2020-03-12T16:58:00.848] [DEBUG] cheese - null
[2020-03-12T16:58:00.862] [DEBUG] cheese - null
[2020-03-12T16:58:00.863] [DEBUG] cheese - null
[2020-03-12T17:01:30.618] [DEBUG] cheese - login => username:login,password:123456
[2020-03-12T17:01:30.619] [DEBUG] cheese - login
[2020-03-12T17:02:27.950] [DEBUG] cheese - null
[2020-03-12T17:02:27.955] [DEBUG] cheese - null
[2020-03-12T17:02:27.962] [DEBUG] cheese - login => username:login,password:123456
[2020-03-12T17:02:27.964] [DEBUG] cheese - login
[2020-03-12T17:02:27.972] [DEBUG] cheese - login => username:login,password:123456
[2020-03-12T17:02:27.972] [DEBUG] cheese - login
[2020-03-12T17:02:27.983] [DEBUG] cheese - login => username:login,password:123456
[2020-03-12T17:02:27.983] [DEBUG] cheese - login
[2020-03-12T17:02:27.994] [DEBUG] cheese - null
[2020-03-12T17:02:27.995] [DEBUG] cheese - null
[2020-03-12T17:02:28.012] [DEBUG] cheese - null
[2020-03-12T17:02:28.013] [DEBUG] cheese - null
[2020-03-12T17:02:28.039] [DEBUG] cheese - null
[2020-03-12T17:02:28.039] [DEBUG] cheese - null
[2020-03-12T17:03:40.752] [DEBUG] cheese - login => username:login,password:123456
[2020-03-12T17:03:40.753] [DEBUG] cheese - login
[2020-03-12T17:03:48.702] [DEBUG] cheese - null
[2020-03-12T17:03:48.702] [DEBUG] cheese - null
[2020-03-12T17:10:37.711] [DEBUG] cheese - login => username:admin,password:123456
[2020-03-12T17:10:37.712] [DEBUG] cheese - admin
[2020-03-12T17:10:37.751] [DEBUG] cheese - null
[2020-03-12T17:10:37.752] [DEBUG] cheese - null
[2020-03-12T17:10:57.505] [DEBUG] cheese - login => username:adminsdf,password:123456
[2020-03-12T17:10:57.506] [DEBUG] cheese - adminsdf
[2020-03-12T17:10:57.531] [DEBUG] cheese - null
[2020-03-12T17:10:57.532] [DEBUG] cheese - null
[2020-03-12T17:24:22.709] [DEBUG] cheese - login => username:asdsad,password:asdsadasd
[2020-03-12T17:24:22.710] [DEBUG] cheese - asdsad
[2020-03-12T17:24:22.756] [DEBUG] cheese - null
[2020-03-12T17:24:22.757] [DEBUG] cheese - null
[2020-03-12T17:24:40.912] [DEBUG] cheese - login => username:admin,password:123456
[2020-03-12T17:24:40.913] [DEBUG] cheese - admin
[2020-03-12T17:24:40.938] [DEBUG] cheese - null
[2020-03-12T17:24:40.939] [DEBUG] cheese - null
[2020-03-12T17:25:12.261] [DEBUG] cheese - login => username:admin,password:123456
[2020-03-12T17:25:12.262] [DEBUG] cheese - admin
[2020-03-12T17:25:12.304] [DEBUG] cheese - null
[2020-03-12T17:25:12.304] [DEBUG] cheese - null
[2020-03-12T17:28:34.045] [DEBUG] cheese - login => username:admin,password:123456
[2020-03-12T17:28:34.045] [DEBUG] cheese - admin
[2020-03-12T17:28:34.073] [DEBUG] cheese - null
[2020-03-12T17:28:34.073] [DEBUG] cheese - null
[2020-03-12T17:35:40.463] [DEBUG] cheese - login => username:admin,password:123456
[2020-03-12T17:35:40.464] [DEBUG] cheese - admin
[2020-03-12T17:35:40.473] [DEBUG] cheese - null
[2020-03-12T17:35:40.473] [DEBUG] cheese - null
[2020-03-12T19:22:56.034] [DEBUG] cheese - login => username:admin,password:123456
[2020-03-12T19:22:56.034] [DEBUG] cheese - admin
[2020-03-12T19:22:56.065] [DEBUG] cheese - null
[2020-03-12T19:22:56.066] [DEBUG] cheese - null
[2020-03-12T19:26:21.281] [DEBUG] cheese - login => username:admin,password:123456
[2020-03-12T19:26:21.282] [DEBUG] cheese - admin
[2020-03-12T19:26:21.302] [DEBUG] cheese - null
[2020-03-12T19:26:21.302] [DEBUG] cheese - null
[2020-03-12T20:02:02.131] [DEBUG] cheese - login => username:admin,password:123456
[2020-03-12T20:02:02.133] [DEBUG] cheese - admin
[2020-03-12T20:02:02.154] [DEBUG] cheese - null
[2020-03-12T20:02:02.154] [DEBUG] cheese - null
[2020-03-12T20:07:55.978] [DEBUG] cheese - login => username:admin,password:123456
[2020-03-12T20:07:55.979] [DEBUG] cheese - admin
[2020-03-12T20:07:56.014] [DEBUG] cheese - null
[2020-03-12T20:07:56.015] [DEBUG] cheese - null
[2020-03-12T20:27:00.033] [DEBUG] cheese - login => username:admin,password:123456
[2020-03-12T20:27:00.039] [DEBUG] cheese - admin
[2020-03-12T20:27:00.125] [DEBUG] cheese - null
[2020-03-12T20:27:00.126] [DEBUG] cheese - null
[2020-03-12T20:40:49.554] [DEBUG] cheese - login => username:admin,password:123456
[2020-03-12T20:40:49.555] [DEBUG] cheese - admin
[2020-03-12T20:40:49.598] [DEBUG] cheese - null
[2020-03-12T20:40:49.599] [DEBUG] cheese - null
[2020-03-13T14:47:43.096] [DEBUG] cheese - login => username:admin,password:123456
[2020-03-13T14:47:43.142] [DEBUG] cheese - admin
[2020-03-13T14:47:44.359] [DEBUG] cheese - null
[2020-03-13T14:47:44.365] [DEBUG] cheese - null
[2020-03-13T14:52:35.606] [DEBUG] cheese - login => username:admin,password:123456
[2020-03-13T14:52:35.606] [DEBUG] cheese - admin
[2020-03-13T14:52:35.638] [DEBUG] cheese - null
[2020-03-13T14:52:35.639] [DEBUG] cheese - null
[2020-03-13T16:19:22.396] [DEBUG] cheese - login => username:admin,password:123456
[2020-03-13T16:19:22.401] [DEBUG] cheese - admin
[2020-03-13T16:19:22.468] [DEBUG] cheese - null
[2020-03-13T16:19:22.470] [DEBUG] cheese - null
[2020-03-13T16:22:59.370] [DEBUG] cheese - login => username:admin,password:123456
[2020-03-13T16:22:59.371] [DEBUG] cheese - admin
[2020-03-13T16:22:59.391] [DEBUG] cheese - null
[2020-03-13T16:22:59.391] [DEBUG] cheese - null
[2020-03-13T17:05:44.324] [DEBUG] cheese - login => username:admin,password:123456
[2020-03-13T17:05:44.325] [DEBUG] cheese - admin
[2020-03-13T17:05:44.355] [DEBUG] cheese - null
[2020-03-13T17:05:44.355] [DEBUG] cheese - null
[2020-03-13T17:08:49.631] [DEBUG] cheese - login => username:admin,password:123456
[2020-03-13T17:08:49.632] [DEBUG] cheese - admin
[2020-03-13T17:08:49.646] [DEBUG] cheese - null
[2020-03-13T17:08:49.647] [DEBUG] cheese - null
[2020-03-14T15:01:09.543] [DEBUG] cheese - login => username:admin,password:123456
[2020-03-14T15:01:09.572] [DEBUG] cheese - admin
[2020-03-14T15:01:10.407] [DEBUG] cheese - null
[2020-03-14T15:01:10.409] [DEBUG] cheese - null
[2020-03-16T15:17:20.590] [DEBUG] cheese - login => username:admin,password:123456
[2020-03-16T15:17:20.613] [DEBUG] cheese - admin
[2020-03-16T15:17:21.030] [DEBUG] cheese - null
[2020-03-16T15:17:21.032] [DEBUG] cheese - null
[2020-03-16T16:11:18.328] [DEBUG] cheese - login => username:admin,password:123456
[2020-03-16T16:11:18.332] [DEBUG] cheese - admin
[2020-03-16T16:11:18.371] [DEBUG] cheese - null
[2020-03-16T16:11:18.372] [DEBUG] cheese - null
[2020-03-16T16:14:26.111] [DEBUG] cheese - login => username:admin,password:123456
[2020-03-16T16:14:26.112] [DEBUG] cheese - admin
[2020-03-16T16:14:26.124] [DEBUG] cheese - login => username:admin,password:123456
[2020-03-16T16:14:26.125] [DEBUG] cheese - admin
[2020-03-16T16:14:26.181] [DEBUG] cheese - null
[2020-03-16T16:14:26.181] [DEBUG] cheese - null
[2020-03-16T16:14:26.719] [DEBUG] cheese - null
[2020-03-16T16:14:26.719] [DEBUG] cheese - null
[2020-03-17T14:31:39.793] [DEBUG] cheese - login => username:admin,password:123456
[2020-03-17T14:31:39.798] [DEBUG] cheese - admin
[2020-03-17T14:31:40.391] [DEBUG] cheese - null
[2020-03-17T14:31:40.394] [DEBUG] cheese - null
[2020-03-17T22:09:13.422] [DEBUG] cheese - login => username:admin,password:123456
[2020-03-17T22:09:13.480] [DEBUG] cheese - admin
[2020-03-17T22:09:13.773] [DEBUG] cheese - null
[2020-03-17T22:09:13.774] [DEBUG] cheese - null
[2020-03-18T13:27:49.713] [DEBUG] cheese - login => username:admin,password:123456
[2020-03-18T13:27:49.721] [DEBUG] cheese - admin
[2020-03-18T13:27:49.969] [DEBUG] cheese - null
[2020-03-18T13:27:49.973] [DEBUG] cheese - null
[2020-03-18T14:40:04.551] [DEBUG] cheese - null
[2020-03-18T14:40:36.080] [DEBUG] cheese - null
[2020-03-18T14:42:58.295] [DEBUG] cheese - null
[2020-03-18T14:44:41.991] [DEBUG] cheese - null
[2020-03-18T14:44:47.147] [DEBUG] cheese - null
[2020-03-18T18:51:12.934] [DEBUG] cheese - null
[2020-03-18T18:51:16.080] [DEBUG] cheese - null
[2020-03-18T18:51:18.496] [DEBUG] cheese - null
[2020-03-19T13:26:26.982] [DEBUG] cheese - login => username:admin,password:123456
[2020-03-19T13:26:27.050] [DEBUG] cheese - admin
[2020-03-19T13:26:27.688] [DEBUG] cheese - null
[2020-03-19T13:26:27.692] [DEBUG] cheese - null
[2020-03-20T14:55:33.995] [DEBUG] cheese - login => username:admin,password:123456
[2020-03-20T14:55:34.013] [DEBUG] cheese - admin
[2020-03-20T14:55:34.569] [DEBUG] cheese - null
[2020-03-20T14:55:34.572] [DEBUG] cheese - null
[2020-03-21T16:43:29.629] [DEBUG] cheese - login => username:admin,password:123456
[2020-03-21T16:43:29.656] [DEBUG] cheese - admin
[2020-03-21T16:43:30.164] [DEBUG] cheese - null
[2020-03-21T16:43:30.166] [DEBUG] cheese - null
[2020-03-22T16:50:55.659] [DEBUG] cheese - login => username:admin,password:123456
[2020-03-22T16:50:55.773] [DEBUG] cheese - admin
[2020-03-22T16:50:56.248] [DEBUG] cheese - null
[2020-03-22T16:50:56.251] [DEBUG] cheese - null
[2020-03-22T16:51:44.095] [DEBUG] cheese - login => username:陈柏钢,password:ch19960715
[2020-03-22T16:51:44.096] [DEBUG] cheese - 陈柏钢
[2020-03-22T16:51:44.123] [DEBUG] cheese - null
[2020-03-22T16:51:44.124] [DEBUG] cheese - null
[2020-03-22T16:51:52.286] [DEBUG] cheese - login => username:陈柏钢,password:ch19960715
[2020-03-22T16:51:52.287] [DEBUG] cheese - 陈柏钢
[2020-03-22T16:51:52.299] [DEBUG] cheese - null
[2020-03-22T16:51:52.299] [DEBUG] cheese - null
[2020-03-22T16:52:05.981] [DEBUG] cheese - login => username:admin,password:123456
[2020-03-22T16:52:05.981] [DEBUG] cheese - admin
[2020-03-22T16:52:05.990] [DEBUG] cheese - null
[2020-03-22T16:52:05.991] [DEBUG] cheese - null
[2020-03-22T16:52:41.106] [DEBUG] cheese - login => username:陈柏钢,password:ch19960715
[2020-03-22T16:52:41.107] [DEBUG] cheese - 陈柏钢
[2020-03-22T16:52:41.141] [DEBUG] cheese - null
[2020-03-22T16:52:41.142] [DEBUG] cheese - null
[2020-03-22T16:52:42.489] [DEBUG] cheese - login => username:陈柏钢,password:ch19960715
[2020-03-22T16:52:42.490] [DEBUG] cheese - 陈柏钢
[2020-03-22T16:52:42.509] [DEBUG] cheese - null
[2020-03-22T16:52:42.509] [DEBUG] cheese - null
[2020-03-22T16:52:44.683] [DEBUG] cheese - login => username:admin,password:123456
[2020-03-22T16:52:44.684] [DEBUG] cheese - admin
[2020-03-22T16:52:44.706] [DEBUG] cheese - null
[2020-03-22T16:52:44.707] [DEBUG] cheese - null
[2020-03-23T17:11:23.098] [DEBUG] cheese - login => username:admin,password:123456
[2020-03-23T17:11:23.117] [DEBUG] cheese - admin
[2020-03-23T17:11:23.655] [DEBUG] cheese - null
[2020-03-23T17:11:23.661] [DEBUG] cheese - null
[2020-03-24T17:22:08.894] [DEBUG] cheese - login => username:admin,password:123456
[2020-03-24T17:22:08.934] [DEBUG] cheese - admin
[2020-03-24T17:22:09.152] [DEBUG] cheese - null
[2020-03-24T17:22:09.159] [DEBUG] cheese - null
[2020-03-24T20:45:40.371] [DEBUG] cheese - login => username:admin,password:123456
[2020-03-24T20:45:40.390] [DEBUG] cheese - admin
[2020-03-24T20:45:40.412] [DEBUG] cheese - null
[2020-03-24T20:45:40.414] [DEBUG] cheese - null
[2020-03-24T22:31:46.599] [DEBUG] cheese - login => username:admin,password:123456
[2020-03-24T22:31:46.610] [DEBUG] cheese - admin
[2020-03-24T22:31:46.693] [DEBUG] cheese - null
[2020-03-24T22:31:46.695] [DEBUG] cheese - null
[2020-03-25T16:57:00.694] [DEBUG] cheese - login => username:admin,password:123456
[2020-03-25T16:57:00.709] [DEBUG] cheese - admin
[2020-03-25T16:57:01.240] [DEBUG] cheese - null
[2020-03-25T16:57:01.242] [DEBUG] cheese - null
[2020-03-25T16:57:44.022] [DEBUG] cheese - login => username:admin,password:123456
[2020-03-25T16:57:44.023] [DEBUG] cheese - admin
[2020-03-25T16:57:44.041] [DEBUG] cheese - null
[2020-03-25T16:57:44.041] [DEBUG] cheese - null
[2020-03-25T20:42:51.984] [DEBUG] cheese - login => username:admin,password:123456
[2020-03-25T20:42:52.019] [DEBUG] cheese - admin
[2020-03-25T20:42:52.106] [DEBUG] cheese - null
[2020-03-25T20:42:52.109] [DEBUG] cheese - null
[2020-03-26T14:24:12.853] [DEBUG] cheese - login => username:admin,password:123456
[2020-03-26T14:24:12.874] [DEBUG] cheese - admin
[2020-03-26T14:24:13.394] [DEBUG] cheese - null
[2020-03-26T14:24:13.398] [DEBUG] cheese - null
[2020-03-27T15:50:11.646] [DEBUG] cheese - login => username:admin,password:123456
[2020-03-27T15:50:11.665] [DEBUG] cheese - admin
[2020-03-27T15:50:13.137] [DEBUG] cheese - null
[2020-03-27T15:50:13.139] [DEBUG] cheese - null
[2020-03-28T15:32:32.523] [DEBUG] cheese - null
[2020-03-28T15:35:40.127] [DEBUG] cheese - null
[2020-03-28T15:52:49.915] [DEBUG] cheese - login => username:admin,password:123456
[2020-03-28T15:52:49.921] [DEBUG] cheese - admin
[2020-03-28T15:52:50.021] [DEBUG] cheese - null
[2020-03-28T15:52:50.022] [DEBUG] cheese - null
[2020-03-28T15:58:02.071] [DEBUG] cheese - null
[2020-03-28T15:59:32.311] [DEBUG] cheese - null
[2020-03-28T16:05:08.016] [DEBUG] cheese - null
[2020-03-28T16:06:00.367] [DEBUG] cheese - null
[2020-03-28T16:07:54.945] [DEBUG] cheese - null
[2020-03-28T16:08:48.718] [DEBUG] cheese - null
[2020-03-28T16:18:51.882] [DEBUG] cheese - null
[2020-03-28T16:29:00.585] [DEBUG] cheese - null
[2020-03-28T16:31:55.665] [DEBUG] cheese - null
[2020-03-28T16:32:59.634] [DEBUG] cheese - null
[2020-03-28T16:33:28.667] [DEBUG] cheese - null
[2020-03-28T16:34:03.807] [DEBUG] cheese - null
[2020-03-28T20:41:20.452] [DEBUG] cheese - login => username:admin,password:123456
[2020-03-28T20:41:20.487] [DEBUG] cheese - admin
[2020-03-28T20:41:20.573] [DEBUG] cheese - null
[2020-03-28T20:41:20.576] [DEBUG] cheese - null
[2020-03-28T22:11:11.014] [DEBUG] cheese - login => username:admin,password:123456
[2020-03-28T22:11:11.019] [DEBUG] cheese - admin
[2020-03-28T22:11:11.034] [DEBUG] cheese - null
[2020-03-28T22:11:11.035] [DEBUG] cheese - null
[2020-03-29T15:48:02.585] [DEBUG] cheese - login => username:admin,password:123456
[2020-03-29T15:48:02.619] [DEBUG] cheese - admin
[2020-03-29T15:48:03.326] [DEBUG] cheese - null
[2020-03-29T15:48:03.329] [DEBUG] cheese - null
[2020-03-29T17:31:48.533] [DEBUG] cheese - login => username:admin,password:123456
[2020-03-29T17:31:48.541] [DEBUG] cheese - admin
[2020-03-29T17:31:48.621] [DEBUG] cheese - null
[2020-03-29T17:31:48.622] [DEBUG] cheese - null
[2020-03-29T19:06:30.663] [DEBUG] cheese - login => username:admin,password:123456
[2020-03-29T19:06:30.674] [DEBUG] cheese - admin
[2020-03-29T19:06:30.698] [DEBUG] cheese - null
[2020-03-29T19:06:30.701] [DEBUG] cheese - null
[2020-03-29T19:34:07.624] [DEBUG] cheese - login => username:admin,password:123456
[2020-03-29T19:34:07.636] [DEBUG] cheese - admin
[2020-03-29T19:34:07.905] [DEBUG] cheese - null
[2020-03-29T19:34:07.908] [DEBUG] cheese - null
[2020-04-13T16:34:58.515] [DEBUG] cheese - login => username:admin,password:123456
[2020-04-13T16:34:58.532] [DEBUG] cheese - admin
[2020-04-13T16:34:59.479] [DEBUG] cheese - null
[2020-04-13T16:34:59.483] [DEBUG] cheese - null
[2020-04-13T17:10:38.630] [DEBUG] cheese - login => username:admin,password:123456
[2020-04-13T17:10:38.636] [DEBUG] cheese - admin
[2020-04-13T17:10:38.643] [DEBUG] cheese - null
[2020-04-13T17:10:38.648] [DEBUG] cheese - null
[2020-04-13T17:11:19.284] [DEBUG] cheese - login => username:admin,password:123456
[2020-04-13T17:11:19.285] [DEBUG] cheese - admin
[2020-04-13T17:11:19.304] [DEBUG] cheese - null
[2020-04-13T17:11:19.305] [DEBUG] cheese - null
[2020-04-13T17:12:06.207] [DEBUG] cheese - login => username:陈柏钢,password:ch19960715
[2020-04-13T17:12:06.207] [DEBUG] cheese - 陈柏钢
[2020-04-13T17:12:06.231] [DEBUG] cheese - null
[2020-04-13T17:12:06.232] [DEBUG] cheese - null
[2020-04-13T17:12:07.954] [DEBUG] cheese - login => username:陈柏钢,password:ch19960715
[2020-04-13T17:12:07.954] [DEBUG] cheese - 陈柏钢
[2020-04-13T17:12:07.979] [DEBUG] cheese - null
[2020-04-13T17:12:07.980] [DEBUG] cheese - null
[2020-04-13T17:12:10.397] [DEBUG] cheese - login => username:admin,password:123456
[2020-04-13T17:12:10.397] [DEBUG] cheese - admin
[2020-04-13T17:12:10.406] [DEBUG] cheese - null
[2020-04-13T17:12:10.407] [DEBUG] cheese - null
[2020-04-14T20:09:46.994] [DEBUG] cheese - login => username:admin,password:123456
[2020-04-14T20:09:47.012] [DEBUG] cheese - admin
[2020-04-14T20:09:47.229] [DEBUG] cheese - null
[2020-04-14T20:09:47.231] [DEBUG] cheese - null
[2020-04-14T20:34:16.570] [DEBUG] cheese - login => username:admin,password:123456
[2020-04-14T20:34:16.581] [DEBUG] cheese - admin
[2020-04-14T20:34:16.658] [DEBUG] cheese - null
[2020-04-14T20:34:16.659] [DEBUG] cheese - null
[2020-05-11T17:36:47.573] [DEBUG] cheese - login => username:admin,password:123456
[2020-05-11T17:36:47.591] [DEBUG] cheese - admin
[2020-05-11T17:36:48.857] [DEBUG] cheese - null
[2020-05-11T17:36:48.859] [DEBUG] cheese - null
[2020-05-15T12:34:26.455] [DEBUG] cheese - login => username:admin,password:123456
[2020-05-15T12:34:26.496] [DEBUG] cheese - admin
[2020-05-15T12:34:26.739] [DEBUG] cheese - null
[2020-05-15T12:34:26.742] [DEBUG] cheese - null
[2020-05-15T12:43:05.500] [DEBUG] cheese - login => username:admin,password:123456
[2020-05-15T12:43:05.515] [DEBUG] cheese - admin
[2020-05-15T12:43:05.579] [DEBUG] cheese - null
[2020-05-15T12:43:05.582] [DEBUG] cheese - null
[2020-05-15T12:44:00.285] [DEBUG] cheese - login => username:admin,password:123456
[2020-05-15T12:44:00.290] [DEBUG] cheese - admin
[2020-05-15T12:44:00.337] [DEBUG] cheese - null
[2020-05-15T12:44:00.338] [DEBUG] cheese - null
[2020-05-15T12:44:51.615] [DEBUG] cheese - login => username:admin,password:123456
[2020-05-15T12:44:51.620] [DEBUG] cheese - admin
[2020-05-15T12:44:51.668] [DEBUG] cheese - null
[2020-05-15T12:44:51.670] [DEBUG] cheese - null
[2020-05-15T13:51:10.669] [DEBUG] cheese - login => username:admin,password:123456
[2020-05-15T13:51:10.672] [DEBUG] cheese - admin
[2020-05-15T13:51:39.684] [DEBUG] cheese - null
[2020-05-15T13:51:39.685] [DEBUG] cheese - null
[2020-05-15T13:53:32.934] [DEBUG] cheese - login => username:admin,password:123456
[2020-05-15T13:53:32.939] [DEBUG] cheese - admin
[2020-05-15T13:53:33.003] [DEBUG] cheese - null
[2020-05-15T13:53:33.006] [DEBUG] cheese - null
[2020-05-15T13:57:50.958] [DEBUG] cheese - login => username:admin,password:123456
[2020-05-15T13:57:50.959] [DEBUG] cheese - admin
[2020-05-15T13:57:50.985] [DEBUG] cheese - null
[2020-05-15T13:57:50.986] [DEBUG] cheese - null
[2020-05-15T13:58:49.711] [DEBUG] cheese - login => username:admin,password:123456
[2020-05-15T13:58:49.712] [DEBUG] cheese - admin
[2020-05-15T13:58:49.735] [DEBUG] cheese - null
[2020-05-15T13:58:49.736] [DEBUG] cheese - null
[2020-05-15T17:57:19.522] [DEBUG] cheese - login => username:admin,password:123456
[2020-05-15T17:57:19.565] [DEBUG] cheese - admin
[2020-05-15T17:57:19.653] [DEBUG] cheese - null
[2020-05-15T17:57:19.653] [DEBUG] cheese - null
